<?xml version="1.0" encoding="UTF-8"?>
<testsuite xmlns:xsi="http://www.w3.org/2001/XMLSchema-instance" xsi:noNamespaceSchemaLocation="https://maven.apache.org/surefire/maven-surefire-plugin/xsd/surefire-test-report.xsd" name="de.ykoer.examples.hello.ServiceInfoControllerTest" time="3.968" tests="1" errors="0" skipped="0" failures="0">
  <properties>
    <property name="gopherProxySet" value="false"/>
    <property name="awt.toolkit" value="sun.lwawt.macosx.LWCToolkit"/>
    <property name="java.specification.version" value="11"/>
    <property name="sun.cpu.isalist" value=""/>
    <property name="sun.jnu.encoding" value="UTF-8"/>
    <property name="java.class.path" value="/Users/saikrishna/Desktop/Quicksilver_Apr_2022/Prudential/spring-boot-helloworld/target/test-classes:/Users/saikrishna/Desktop/Quicksilver_Apr_2022/Prudential/spring-boot-helloworld/target/classes:/Users/saikrishna/.m2/repository/org/springframework/boot/spring-boot-starter-web/2.1.2.RELEASE/spring-boot-starter-web-2.1.2.RELEASE.jar:/Users/saikrishna/.m2/repository/org/springframework/boot/spring-boot-starter/2.1.2.RELEASE/spring-boot-starter-2.1.2.RELEASE.jar:/Users/saikrishna/.m2/repository/org/springframework/boot/spring-boot/2.1.2.RELEASE/spring-boot-2.1.2.RELEASE.jar:/Users/saikrishna/.m2/repository/org/springframework/boot/spring-boot-autoconfigure/2.1.2.RELEASE/spring-boot-autoconfigure-2.1.2.RELEASE.jar:/Users/saikrishna/.m2/repository/org/springframework/boot/spring-boot-starter-logging/2.1.2.RELEASE/spring-boot-starter-logging-2.1.2.RELEASE.jar:/Users/saikrishna/.m2/repository/ch/qos/logback/logback-classic/1.2.3/logback-classic-1.2.3.jar:/Users/saikrishna/.m2/repository/ch/qos/logback/logback-core/1.2.3/logback-core-1.2.3.jar:/Users/saikrishna/.m2/repository/org/apache/logging/log4j/log4j-to-slf4j/2.11.1/log4j-to-slf4j-2.11.1.jar:/Users/saikrishna/.m2/repository/org/apache/logging/log4j/log4j-api/2.11.1/log4j-api-2.11.1.jar:/Users/saikrishna/.m2/repository/org/slf4j/jul-to-slf4j/1.7.25/jul-to-slf4j-1.7.25.jar:/Users/saikrishna/.m2/repository/javax/annotation/javax.annotation-api/1.3.2/javax.annotation-api-1.3.2.jar:/Users/saikrishna/.m2/repository/org/yaml/snakeyaml/1.23/snakeyaml-1.23.jar:/Users/saikrishna/.m2/repository/org/springframework/boot/spring-boot-starter-json/2.1.2.RELEASE/spring-boot-starter-json-2.1.2.RELEASE.jar:/Users/saikrishna/.m2/repository/com/fasterxml/jackson/core/jackson-databind/2.9.8/jackson-databind-2.9.8.jar:/Users/saikrishna/.m2/repository/com/fasterxml/jackson/core/jackson-core/2.9.8/jackson-core-2.9.8.jar:/Users/saikrishna/.m2/repository/com/fasterxml/jackson/datatype/jackson-datatype-jdk8/2.9.8/jackson-datatype-jdk8-2.9.8.jar:/Users/saikrishna/.m2/repository/com/fasterxml/jackson/datatype/jackson-datatype-jsr310/2.9.8/jackson-datatype-jsr310-2.9.8.jar:/Users/saikrishna/.m2/repository/com/fasterxml/jackson/module/jackson-module-parameter-names/2.9.8/jackson-module-parameter-names-2.9.8.jar:/Users/saikrishna/.m2/repository/org/springframework/boot/spring-boot-starter-tomcat/2.1.2.RELEASE/spring-boot-starter-tomcat-2.1.2.RELEASE.jar:/Users/saikrishna/.m2/repository/org/apache/tomcat/embed/tomcat-embed-core/9.0.14/tomcat-embed-core-9.0.14.jar:/Users/saikrishna/.m2/repository/org/apache/tomcat/embed/tomcat-embed-el/9.0.14/tomcat-embed-el-9.0.14.jar:/Users/saikrishna/.m2/repository/org/apache/tomcat/embed/tomcat-embed-websocket/9.0.14/tomcat-embed-websocket-9.0.14.jar:/Users/saikrishna/.m2/repository/org/hibernate/validator/hibernate-validator/6.0.14.Final/hibernate-validator-6.0.14.Final.jar:/Users/saikrishna/.m2/repository/javax/validation/validation-api/2.0.1.Final/validation-api-2.0.1.Final.jar:/Users/saikrishna/.m2/repository/org/jboss/logging/jboss-logging/3.3.2.Final/jboss-logging-3.3.2.Final.jar:/Users/saikrishna/.m2/repository/org/springframework/spring-web/5.1.4.RELEASE/spring-web-5.1.4.RELEASE.jar:/Users/saikrishna/.m2/repository/org/springframework/spring-webmvc/5.1.4.RELEASE/spring-webmvc-5.1.4.RELEASE.jar:/Users/saikrishna/.m2/repository/org/springframework/spring-expression/5.1.4.RELEASE/spring-expression-5.1.4.RELEASE.jar:/Users/saikrishna/.m2/repository/org/springframework/boot/spring-boot-starter-test/2.1.2.RELEASE/spring-boot-starter-test-2.1.2.RELEASE.jar:/Users/saikrishna/.m2/repository/org/springframework/boot/spring-boot-test/2.1.2.RELEASE/spring-boot-test-2.1.2.RELEASE.jar:/Users/saikrishna/.m2/repository/org/springframework/boot/spring-boot-test-autoconfigure/2.1.2.RELEASE/spring-boot-test-autoconfigure-2.1.2.RELEASE.jar:/Users/saikrishna/.m2/repository/com/jayway/jsonpath/json-path/2.4.0/json-path-2.4.0.jar:/Users/saikrishna/.m2/repository/net/minidev/json-smart/2.3/json-smart-2.3.jar:/Users/saikrishna/.m2/repository/net/minidev/accessors-smart/1.2/accessors-smart-1.2.jar:/Users/saikrishna/.m2/repository/org/ow2/asm/asm/5.0.4/asm-5.0.4.jar:/Users/saikrishna/.m2/repository/junit/junit/4.12/junit-4.12.jar:/Users/saikrishna/.m2/repository/org/assertj/assertj-core/3.11.1/assertj-core-3.11.1.jar:/Users/saikrishna/.m2/repository/org/mockito/mockito-core/2.23.4/mockito-core-2.23.4.jar:/Users/saikrishna/.m2/repository/net/bytebuddy/byte-buddy/1.9.7/byte-buddy-1.9.7.jar:/Users/saikrishna/.m2/repository/net/bytebuddy/byte-buddy-agent/1.9.7/byte-buddy-agent-1.9.7.jar:/Users/saikrishna/.m2/repository/org/objenesis/objenesis/2.6/objenesis-2.6.jar:/Users/saikrishna/.m2/repository/org/hamcrest/hamcrest-core/1.3/hamcrest-core-1.3.jar:/Users/saikrishna/.m2/repository/org/hamcrest/hamcrest-library/1.3/hamcrest-library-1.3.jar:/Users/saikrishna/.m2/repository/org/skyscreamer/jsonassert/1.5.0/jsonassert-1.5.0.jar:/Users/saikrishna/.m2/repository/com/vaadin/external/google/android-json/0.0.20131108.vaadin1/android-json-0.0.20131108.vaadin1.jar:/Users/saikrishna/.m2/repository/org/springframework/spring-core/5.1.4.RELEASE/spring-core-5.1.4.RELEASE.jar:/Users/saikrishna/.m2/repository/org/springframework/spring-jcl/5.1.4.RELEASE/spring-jcl-5.1.4.RELEASE.jar:/Users/saikrishna/.m2/repository/org/springframework/spring-test/5.1.4.RELEASE/spring-test-5.1.4.RELEASE.jar:/Users/saikrishna/.m2/repository/org/xmlunit/xmlunit-core/2.6.2/xmlunit-core-2.6.2.jar:/Users/saikrishna/.m2/repository/org/springframework/boot/spring-boot-starter-security/2.1.2.RELEASE/spring-boot-starter-security-2.1.2.RELEASE.jar:/Users/saikrishna/.m2/repository/org/springframework/spring-aop/5.1.4.RELEASE/spring-aop-5.1.4.RELEASE.jar:/Users/saikrishna/.m2/repository/org/springframework/security/spring-security-config/5.1.3.RELEASE/spring-security-config-5.1.3.RELEASE.jar:/Users/saikrishna/.m2/repository/org/springframework/security/spring-security-web/5.1.3.RELEASE/spring-security-web-5.1.3.RELEASE.jar:/Users/saikrishna/.m2/repository/org/springframework/security/oauth/spring-security-oauth2/2.3.5.RELEASE/spring-security-oauth2-2.3.5.RELEASE.jar:/Users/saikrishna/.m2/repository/org/springframework/spring-beans/5.1.4.RELEASE/spring-beans-5.1.4.RELEASE.jar:/Users/saikrishna/.m2/repository/org/springframework/spring-context/5.1.4.RELEASE/spring-context-5.1.4.RELEASE.jar:/Users/saikrishna/.m2/repository/org/springframework/security/spring-security-core/5.1.3.RELEASE/spring-security-core-5.1.3.RELEASE.jar:/Users/saikrishna/.m2/repository/commons-codec/commons-codec/1.11/commons-codec-1.11.jar:/Users/saikrishna/.m2/repository/org/codehaus/jackson/jackson-mapper-asl/1.9.13/jackson-mapper-asl-1.9.13.jar:/Users/saikrishna/.m2/repository/org/codehaus/jackson/jackson-core-asl/1.9.13/jackson-core-asl-1.9.13.jar:/Users/saikrishna/.m2/repository/org/springframework/security/spring-security-jwt/1.0.9.RELEASE/spring-security-jwt-1.0.9.RELEASE.jar:/Users/saikrishna/.m2/repository/org/bouncycastle/bcpkix-jdk15on/1.56/bcpkix-jdk15on-1.56.jar:/Users/saikrishna/.m2/repository/org/bouncycastle/bcprov-jdk15on/1.56/bcprov-jdk15on-1.56.jar:/Users/saikrishna/.m2/repository/io/springfox/springfox-swagger2/2.8.0/springfox-swagger2-2.8.0.jar:/Users/saikrishna/.m2/repository/io/swagger/swagger-annotations/1.5.14/swagger-annotations-1.5.14.jar:/Users/saikrishna/.m2/repository/io/swagger/swagger-models/1.5.14/swagger-models-1.5.14.jar:/Users/saikrishna/.m2/repository/com/fasterxml/jackson/core/jackson-annotations/2.9.0/jackson-annotations-2.9.0.jar:/Users/saikrishna/.m2/repository/io/springfox/springfox-spi/2.8.0/springfox-spi-2.8.0.jar:/Users/saikrishna/.m2/repository/io/springfox/springfox-core/2.8.0/springfox-core-2.8.0.jar:/Users/saikrishna/.m2/repository/io/springfox/springfox-schema/2.8.0/springfox-schema-2.8.0.jar:/Users/saikrishna/.m2/repository/io/springfox/springfox-swagger-common/2.8.0/springfox-swagger-common-2.8.0.jar:/Users/saikrishna/.m2/repository/io/springfox/springfox-spring-web/2.8.0/springfox-spring-web-2.8.0.jar:/Users/saikrishna/.m2/repository/org/reflections/reflections/0.9.11/reflections-0.9.11.jar:/Users/saikrishna/.m2/repository/org/javassist/javassist/3.21.0-GA/javassist-3.21.0-GA.jar:/Users/saikrishna/.m2/repository/com/google/guava/guava/20.0/guava-20.0.jar:/Users/saikrishna/.m2/repository/com/fasterxml/classmate/1.4.0/classmate-1.4.0.jar:/Users/saikrishna/.m2/repository/org/slf4j/slf4j-api/1.7.25/slf4j-api-1.7.25.jar:/Users/saikrishna/.m2/repository/org/springframework/plugin/spring-plugin-core/1.2.0.RELEASE/spring-plugin-core-1.2.0.RELEASE.jar:/Users/saikrishna/.m2/repository/org/springframework/plugin/spring-plugin-metadata/1.2.0.RELEASE/spring-plugin-metadata-1.2.0.RELEASE.jar:/Users/saikrishna/.m2/repository/org/mapstruct/mapstruct/1.2.0.Final/mapstruct-1.2.0.Final.jar:/Users/saikrishna/.m2/repository/io/springfox/springfox-swagger-ui/2.8.0/springfox-swagger-ui-2.8.0.jar:/Users/saikrishna/.m2/repository/javax/xml/bind/jaxb-api/2.3.0-b170201.1204/jaxb-api-2.3.0-b170201.1204.jar:/Users/saikrishna/.m2/repository/javax/activation/activation/1.1/activation-1.1.jar:/Users/saikrishna/.m2/repository/org/glassfish/jaxb/jaxb-runtime/2.3.0-b170127.1453/jaxb-runtime-2.3.0-b170127.1453.jar:/Users/saikrishna/.m2/repository/org/glassfish/jaxb/jaxb-core/2.3.0-b170127.1453/jaxb-core-2.3.0-b170127.1453.jar:/Users/saikrishna/.m2/repository/org/glassfish/jaxb/txw2/2.3.0-b170127.1453/txw2-2.3.0-b170127.1453.jar:/Users/saikrishna/.m2/repository/com/sun/istack/istack-commons-runtime/3.0.4/istack-commons-runtime-3.0.4.jar:/Users/saikrishna/.m2/repository/org/jvnet/staxex/stax-ex/1.7.8/stax-ex-1.7.8.jar:/Users/saikrishna/.m2/repository/com/sun/xml/fastinfoset/FastInfoset/1.2.13/FastInfoset-1.2.13.jar:"/>
    <property name="java.vm.vendor" value="Apple Inc."/>
    <property name="sun.arch.data.model" value="64"/>
    <property name="java.vendor.url" value="https://java.apple.com"/>
    <property name="user.timezone" value=""/>
    <property name="java.vm.specification.version" value="11"/>
    <property name="os.name" value="Mac OS X"/>
    <property name="sun.java.launcher" value="SUN_STANDARD"/>
    <property name="user.country" value="IN"/>
    <property name="jdk.jndi.object.factoriesFilter" value="!*"/>
    <property name="sun.boot.library.path" value="/Library/Java/JavaVirtualMachines/applejdk-11.0.13.8.1.jdk/Contents/Home/lib"/>
    <property name="sun.java.command" value="/Users/saikrishna/Desktop/Quicksilver_Apr_2022/Prudential/spring-boot-helloworld/target/surefire/surefirebooter18340228790401705828.jar /Users/saikrishna/Desktop/Quicksilver_Apr_2022/Prudential/spring-boot-helloworld/target/surefire 2022-07-29T16-03-05_704-jvmRun1 surefire15928428172798633697tmp surefire_08004277462356956544tmp"/>
    <property name="jdk.debug" value="release"/>
    <property name="surefire.test.class.path" value="/Users/saikrishna/Desktop/Quicksilver_Apr_2022/Prudential/spring-boot-helloworld/target/test-classes:/Users/saikrishna/Desktop/Quicksilver_Apr_2022/Prudential/spring-boot-helloworld/target/classes:/Users/saikrishna/.m2/repository/org/springframework/boot/spring-boot-starter-web/2.1.2.RELEASE/spring-boot-starter-web-2.1.2.RELEASE.jar:/Users/saikrishna/.m2/repository/org/springframework/boot/spring-boot-starter/2.1.2.RELEASE/spring-boot-starter-2.1.2.RELEASE.jar:/Users/saikrishna/.m2/repository/org/springframework/boot/spring-boot/2.1.2.RELEASE/spring-boot-2.1.2.RELEASE.jar:/Users/saikrishna/.m2/repository/org/springframework/boot/spring-boot-autoconfigure/2.1.2.RELEASE/spring-boot-autoconfigure-2.1.2.RELEASE.jar:/Users/saikrishna/.m2/repository/org/springframework/boot/spring-boot-starter-logging/2.1.2.RELEASE/spring-boot-starter-logging-2.1.2.RELEASE.jar:/Users/saikrishna/.m2/repository/ch/qos/logback/logback-classic/1.2.3/logback-classic-1.2.3.jar:/Users/saikrishna/.m2/repository/ch/qos/logback/logback-core/1.2.3/logback-core-1.2.3.jar:/Users/saikrishna/.m2/repository/org/apache/logging/log4j/log4j-to-slf4j/2.11.1/log4j-to-slf4j-2.11.1.jar:/Users/saikrishna/.m2/repository/org/apache/logging/log4j/log4j-api/2.11.1/log4j-api-2.11.1.jar:/Users/saikrishna/.m2/repository/org/slf4j/jul-to-slf4j/1.7.25/jul-to-slf4j-1.7.25.jar:/Users/saikrishna/.m2/repository/javax/annotation/javax.annotation-api/1.3.2/javax.annotation-api-1.3.2.jar:/Users/saikrishna/.m2/repository/org/yaml/snakeyaml/1.23/snakeyaml-1.23.jar:/Users/saikrishna/.m2/repository/org/springframework/boot/spring-boot-starter-json/2.1.2.RELEASE/spring-boot-starter-json-2.1.2.RELEASE.jar:/Users/saikrishna/.m2/repository/com/fasterxml/jackson/core/jackson-databind/2.9.8/jackson-databind-2.9.8.jar:/Users/saikrishna/.m2/repository/com/fasterxml/jackson/core/jackson-core/2.9.8/jackson-core-2.9.8.jar:/Users/saikrishna/.m2/repository/com/fasterxml/jackson/datatype/jackson-datatype-jdk8/2.9.8/jackson-datatype-jdk8-2.9.8.jar:/Users/saikrishna/.m2/repository/com/fasterxml/jackson/datatype/jackson-datatype-jsr310/2.9.8/jackson-datatype-jsr310-2.9.8.jar:/Users/saikrishna/.m2/repository/com/fasterxml/jackson/module/jackson-module-parameter-names/2.9.8/jackson-module-parameter-names-2.9.8.jar:/Users/saikrishna/.m2/repository/org/springframework/boot/spring-boot-starter-tomcat/2.1.2.RELEASE/spring-boot-starter-tomcat-2.1.2.RELEASE.jar:/Users/saikrishna/.m2/repository/org/apache/tomcat/embed/tomcat-embed-core/9.0.14/tomcat-embed-core-9.0.14.jar:/Users/saikrishna/.m2/repository/org/apache/tomcat/embed/tomcat-embed-el/9.0.14/tomcat-embed-el-9.0.14.jar:/Users/saikrishna/.m2/repository/org/apache/tomcat/embed/tomcat-embed-websocket/9.0.14/tomcat-embed-websocket-9.0.14.jar:/Users/saikrishna/.m2/repository/org/hibernate/validator/hibernate-validator/6.0.14.Final/hibernate-validator-6.0.14.Final.jar:/Users/saikrishna/.m2/repository/javax/validation/validation-api/2.0.1.Final/validation-api-2.0.1.Final.jar:/Users/saikrishna/.m2/repository/org/jboss/logging/jboss-logging/3.3.2.Final/jboss-logging-3.3.2.Final.jar:/Users/saikrishna/.m2/repository/org/springframework/spring-web/5.1.4.RELEASE/spring-web-5.1.4.RELEASE.jar:/Users/saikrishna/.m2/repository/org/springframework/spring-webmvc/5.1.4.RELEASE/spring-webmvc-5.1.4.RELEASE.jar:/Users/saikrishna/.m2/repository/org/springframework/spring-expression/5.1.4.RELEASE/spring-expression-5.1.4.RELEASE.jar:/Users/saikrishna/.m2/repository/org/springframework/boot/spring-boot-starter-test/2.1.2.RELEASE/spring-boot-starter-test-2.1.2.RELEASE.jar:/Users/saikrishna/.m2/repository/org/springframework/boot/spring-boot-test/2.1.2.RELEASE/spring-boot-test-2.1.2.RELEASE.jar:/Users/saikrishna/.m2/repository/org/springframework/boot/spring-boot-test-autoconfigure/2.1.2.RELEASE/spring-boot-test-autoconfigure-2.1.2.RELEASE.jar:/Users/saikrishna/.m2/repository/com/jayway/jsonpath/json-path/2.4.0/json-path-2.4.0.jar:/Users/saikrishna/.m2/repository/net/minidev/json-smart/2.3/json-smart-2.3.jar:/Users/saikrishna/.m2/repository/net/minidev/accessors-smart/1.2/accessors-smart-1.2.jar:/Users/saikrishna/.m2/repository/org/ow2/asm/asm/5.0.4/asm-5.0.4.jar:/Users/saikrishna/.m2/repository/junit/junit/4.12/junit-4.12.jar:/Users/saikrishna/.m2/repository/org/assertj/assertj-core/3.11.1/assertj-core-3.11.1.jar:/Users/saikrishna/.m2/repository/org/mockito/mockito-core/2.23.4/mockito-core-2.23.4.jar:/Users/saikrishna/.m2/repository/net/bytebuddy/byte-buddy/1.9.7/byte-buddy-1.9.7.jar:/Users/saikrishna/.m2/repository/net/bytebuddy/byte-buddy-agent/1.9.7/byte-buddy-agent-1.9.7.jar:/Users/saikrishna/.m2/repository/org/objenesis/objenesis/2.6/objenesis-2.6.jar:/Users/saikrishna/.m2/repository/org/hamcrest/hamcrest-core/1.3/hamcrest-core-1.3.jar:/Users/saikrishna/.m2/repository/org/hamcrest/hamcrest-library/1.3/hamcrest-library-1.3.jar:/Users/saikrishna/.m2/repository/org/skyscreamer/jsonassert/1.5.0/jsonassert-1.5.0.jar:/Users/saikrishna/.m2/repository/com/vaadin/external/google/android-json/0.0.20131108.vaadin1/android-json-0.0.20131108.vaadin1.jar:/Users/saikrishna/.m2/repository/org/springframework/spring-core/5.1.4.RELEASE/spring-core-5.1.4.RELEASE.jar:/Users/saikrishna/.m2/repository/org/springframework/spring-jcl/5.1.4.RELEASE/spring-jcl-5.1.4.RELEASE.jar:/Users/saikrishna/.m2/repository/org/springframework/spring-test/5.1.4.RELEASE/spring-test-5.1.4.RELEASE.jar:/Users/saikrishna/.m2/repository/org/xmlunit/xmlunit-core/2.6.2/xmlunit-core-2.6.2.jar:/Users/saikrishna/.m2/repository/org/springframework/boot/spring-boot-starter-security/2.1.2.RELEASE/spring-boot-starter-security-2.1.2.RELEASE.jar:/Users/saikrishna/.m2/repository/org/springframework/spring-aop/5.1.4.RELEASE/spring-aop-5.1.4.RELEASE.jar:/Users/saikrishna/.m2/repository/org/springframework/security/spring-security-config/5.1.3.RELEASE/spring-security-config-5.1.3.RELEASE.jar:/Users/saikrishna/.m2/repository/org/springframework/security/spring-security-web/5.1.3.RELEASE/spring-security-web-5.1.3.RELEASE.jar:/Users/saikrishna/.m2/repository/org/springframework/security/oauth/spring-security-oauth2/2.3.5.RELEASE/spring-security-oauth2-2.3.5.RELEASE.jar:/Users/saikrishna/.m2/repository/org/springframework/spring-beans/5.1.4.RELEASE/spring-beans-5.1.4.RELEASE.jar:/Users/saikrishna/.m2/repository/org/springframework/spring-context/5.1.4.RELEASE/spring-context-5.1.4.RELEASE.jar:/Users/saikrishna/.m2/repository/org/springframework/security/spring-security-core/5.1.3.RELEASE/spring-security-core-5.1.3.RELEASE.jar:/Users/saikrishna/.m2/repository/commons-codec/commons-codec/1.11/commons-codec-1.11.jar:/Users/saikrishna/.m2/repository/org/codehaus/jackson/jackson-mapper-asl/1.9.13/jackson-mapper-asl-1.9.13.jar:/Users/saikrishna/.m2/repository/org/codehaus/jackson/jackson-core-asl/1.9.13/jackson-core-asl-1.9.13.jar:/Users/saikrishna/.m2/repository/org/springframework/security/spring-security-jwt/1.0.9.RELEASE/spring-security-jwt-1.0.9.RELEASE.jar:/Users/saikrishna/.m2/repository/org/bouncycastle/bcpkix-jdk15on/1.56/bcpkix-jdk15on-1.56.jar:/Users/saikrishna/.m2/repository/org/bouncycastle/bcprov-jdk15on/1.56/bcprov-jdk15on-1.56.jar:/Users/saikrishna/.m2/repository/io/springfox/springfox-swagger2/2.8.0/springfox-swagger2-2.8.0.jar:/Users/saikrishna/.m2/repository/io/swagger/swagger-annotations/1.5.14/swagger-annotations-1.5.14.jar:/Users/saikrishna/.m2/repository/io/swagger/swagger-models/1.5.14/swagger-models-1.5.14.jar:/Users/saikrishna/.m2/repository/com/fasterxml/jackson/core/jackson-annotations/2.9.0/jackson-annotations-2.9.0.jar:/Users/saikrishna/.m2/repository/io/springfox/springfox-spi/2.8.0/springfox-spi-2.8.0.jar:/Users/saikrishna/.m2/repository/io/springfox/springfox-core/2.8.0/springfox-core-2.8.0.jar:/Users/saikrishna/.m2/repository/io/springfox/springfox-schema/2.8.0/springfox-schema-2.8.0.jar:/Users/saikrishna/.m2/repository/io/springfox/springfox-swagger-common/2.8.0/springfox-swagger-common-2.8.0.jar:/Users/saikrishna/.m2/repository/io/springfox/springfox-spring-web/2.8.0/springfox-spring-web-2.8.0.jar:/Users/saikrishna/.m2/repository/org/reflections/reflections/0.9.11/reflections-0.9.11.jar:/Users/saikrishna/.m2/repository/org/javassist/javassist/3.21.0-GA/javassist-3.21.0-GA.jar:/Users/saikrishna/.m2/repository/com/google/guava/guava/20.0/guava-20.0.jar:/Users/saikrishna/.m2/repository/com/fasterxml/classmate/1.4.0/classmate-1.4.0.jar:/Users/saikrishna/.m2/repository/org/slf4j/slf4j-api/1.7.25/slf4j-api-1.7.25.jar:/Users/saikrishna/.m2/repository/org/springframework/plugin/spring-plugin-core/1.2.0.RELEASE/spring-plugin-core-1.2.0.RELEASE.jar:/Users/saikrishna/.m2/repository/org/springframework/plugin/spring-plugin-metadata/1.2.0.RELEASE/spring-plugin-metadata-1.2.0.RELEASE.jar:/Users/saikrishna/.m2/repository/org/mapstruct/mapstruct/1.2.0.Final/mapstruct-1.2.0.Final.jar:/Users/saikrishna/.m2/repository/io/springfox/springfox-swagger-ui/2.8.0/springfox-swagger-ui-2.8.0.jar:/Users/saikrishna/.m2/repository/javax/xml/bind/jaxb-api/2.3.0-b170201.1204/jaxb-api-2.3.0-b170201.1204.jar:/Users/saikrishna/.m2/repository/javax/activation/activation/1.1/activation-1.1.jar:/Users/saikrishna/.m2/repository/org/glassfish/jaxb/jaxb-runtime/2.3.0-b170127.1453/jaxb-runtime-2.3.0-b170127.1453.jar:/Users/saikrishna/.m2/repository/org/glassfish/jaxb/jaxb-core/2.3.0-b170127.1453/jaxb-core-2.3.0-b170127.1453.jar:/Users/saikrishna/.m2/repository/org/glassfish/jaxb/txw2/2.3.0-b170127.1453/txw2-2.3.0-b170127.1453.jar:/Users/saikrishna/.m2/repository/com/sun/istack/istack-commons-runtime/3.0.4/istack-commons-runtime-3.0.4.jar:/Users/saikrishna/.m2/repository/org/jvnet/staxex/stax-ex/1.7.8/stax-ex-1.7.8.jar:/Users/saikrishna/.m2/repository/com/sun/xml/fastinfoset/FastInfoset/1.2.13/FastInfoset-1.2.13.jar:"/>
    <property name="sun.cpu.endian" value="little"/>
    <property name="user.home" value="/Users/saikrishna"/>
    <property name="user.language" value="en"/>
    <property name="java.specification.vendor" value="Oracle Corporation"/>
    <property name="java.version.date" value="2021-10-19"/>
    <property name="java.home" value="/Library/Java/JavaVirtualMachines/applejdk-11.0.13.8.1.jdk/Contents/Home"/>
    <property name="file.separator" value="/"/>
    <property name="basedir" value="/Users/saikrishna/Desktop/Quicksilver_Apr_2022/Prudential/spring-boot-helloworld"/>
    <property name="java.vm.compressedOopsMode" value="Zero based"/>
    <property name="line.separator" value="&#10;"/>
    <property name="java.specification.name" value="Java Platform API Specification"/>
    <property name="java.vm.specification.vendor" value="Oracle Corporation"/>
    <property name="java.awt.graphicsenv" value="sun.awt.CGraphicsEnvironment"/>
    <property name="surefire.real.class.path" value="/Users/saikrishna/Desktop/Quicksilver_Apr_2022/Prudential/spring-boot-helloworld/target/surefire/surefirebooter18340228790401705828.jar"/>
    <property name="sun.management.compiler" value="HotSpot 64-Bit Tiered Compilers"/>
    <property name="java.runtime.version" value="11.0.13+8-LTS"/>
    <property name="user.name" value="saikrishna"/>
    <property name="com.sun.jndi.ldap.object.trustSerialData" value="false"/>
    <property name="path.separator" value=":"/>
    <property name="os.version" value="12.2.1"/>
    <property name="java.runtime.name" value="OpenJDK Runtime Environment"/>
    <property name="file.encoding" value="US-ASCII"/>
    <property name="java.vm.name" value="OpenJDK 64-Bit Server VM"/>
    <property name="java.vendor.version" value="AppleJDK-11.0.13.8.1"/>
    <property name="localRepository" value="/Users/saikrishna/.m2/repository"/>
    <property name="java.vendor.url.bug" value="https://rdar.apple.com/new/1003593"/>
    <property name="java.io.tmpdir" value="/var/folders/cn/xb25_9vd1555fs43bqts5cv80000gn/T/"/>
    <property name="idea.version" value="2021.2"/>
    <property name="java.version" value="11.0.13"/>
    <property name="user.dir" value="/Users/saikrishna/Desktop/Quicksilver_Apr_2022/Prudential/spring-boot-helloworld"/>
    <property name="os.arch" value="x86_64"/>
    <property name="java.vm.specification.name" value="Java Virtual Machine Specification"/>
    <property name="java.awt.printerjob" value="sun.lwawt.macosx.CPrinterJob"/>
    <property name="sun.os.patch.level" value="unknown"/>
    <property name="java.library.path" value="/Users/saikrishna/Library/Java/Extensions:/Library/Java/Extensions:/Network/Library/Java/Extensions:/System/Library/Java/Extensions:/usr/lib/java:."/>
    <property name="java.vm.info" value="mixed mode"/>
    <property name="java.vendor" value="Apple Inc."/>
    <property name="java.vm.version" value="11.0.13+8-LTS"/>
    <property name="sun.io.unicode.encoding" value="UnicodeBig"/>
    <property name="java.class.version" value="55.0"/>
  </properties>
  <testcase name="testPing" classname="de.ykoer.examples.hello.ServiceInfoControllerTest" time="0.376"/>
</testsuite>